<?xml version="1.0" encoding="UTF-8"?>
<!-- Generated by org.testng.reporters.JUnitReportReporter -->
<testsuite skipped="0" hostname="DESKTOP-LLLGMOJ" name="ddt.ExcelReading" tests="1" failures="0" timestamp="2022-05-19T07:05:46 IST" time="0.685" errors="0">
  <testcase name="updateExcel" time="0.685" classname="ddt.ExcelReading"/>
  <system-out/>
</testsuite> <!-- ddt.ExcelReading -->
