<?xml version="1.0" encoding="UTF-8"?>
<!-- Generated by org.testng.reporters.JUnitReportReporter -->
<testsuite skipped="0" hostname="DESKTOP-LLLGMOJ" name="day24.webpagescripts.LoginLogout" tests="2" failures="0" timestamp="2022-05-23T08:00:04 IST" time="14.404" errors="0">
  <testcase name="testLogoutFunctionality" time="4.979" classname="day24.webpagescripts.LoginLogout"/>
  <system-out/>
  <testcase name="testLoginFunctionality" time="9.425" classname="day24.webpagescripts.LoginLogout"/>
  <system-out/>
</testsuite> <!-- day24.webpagescripts.LoginLogout -->
