<?xml version="1.0" encoding="UTF-8"?>
<!-- Generated by org.testng.reporters.JUnitReportReporter -->
<testsuite skipped="0" hostname="DESKTOP-LLLGMOJ" name="sampletest.Screenshot" tests="1" failures="0" timestamp="2022-05-18T07:24:49 IST" time="9.747" errors="0">
  <testcase name="testScreenShot2" time="9.747" classname="sampletest.Screenshot"/>
  <system-out/>
</testsuite> <!-- sampletest.Screenshot -->
