<?xml version="1.0" encoding="UTF-8"?>
<!-- Generated by org.testng.reporters.JUnitReportReporter -->
<testsuite skipped="0" hostname="DESKTOP-LLLGMOJ" name="day11.testngsamples.Example6" tests="2" failures="0" timestamp="2022-05-19T07:30:23 IST" time="0.008" errors="0">
  <testcase name="testCase7" time="0.003" classname="day11.testngsamples.Example6"/>
  <system-out/>
  <testcase name="testCase8" time="0.005" classname="day11.testngsamples.Example6"/>
  <system-out/>
</testsuite> <!-- day11.testngsamples.Example6 -->
