<?xml version="1.0" encoding="UTF-8"?>
<!-- Generated by org.testng.reporters.JUnitReportReporter -->
<testsuite skipped="0" hostname="DESKTOP-LLLGMOJ" name="day26.javascriptsamples.JavaScriptExample1" tests="1" failures="0" timestamp="2022-05-24T07:36:22 IST" time="15.762" errors="0">
  <testcase name="testLoginWithoutClick" time="15.762" classname="day26.javascriptsamples.JavaScriptExample1"/>
  <system-out/>
</testsuite> <!-- day26.javascriptsamples.JavaScriptExample1 -->
