<?xml version="1.0" encoding="UTF-8"?>
<!-- Generated by org.testng.reporters.JUnitReportReporter -->
<testsuite skipped="0" hostname="DESKTOP-LLLGMOJ" name="autoITExamples.FileUpload" tests="1" failures="0" timestamp="2022-05-23T20:18:22 IST" time="9.255" errors="0">
  <testcase name="testCase" time="9.255" classname="autoITExamples.FileUpload"/>
  <system-out/>
</testsuite> <!-- autoITExamples.FileUpload -->
