<?xml version="1.0" encoding="UTF-8"?>
<!-- Generated by org.testng.reporters.JUnitReportReporter -->
<testsuite skipped="0" hostname="DESKTOP-LLLGMOJ" name="day11.testngsamples.Example_Param7" tests="2" failures="0" timestamp="2022-05-19T07:30:24 IST" time="0.018" errors="0">
  <testcase name="signin" time="0.005" classname="day11.testngsamples.Example_Param7"/>
  <system-out/>
  <testcase name="login" time="0.013" classname="day11.testngsamples.Example_Param7"/>
  <system-out/>
</testsuite> <!-- day11.testngsamples.Example_Param7 -->
