<?xml version="1.0" encoding="UTF-8"?>
<!-- Generated by org.testng.reporters.JUnitReportReporter -->
<testsuite skipped="0" hostname="DESKTOP-LLLGMOJ" name="exdentreport.ExtentDemo" tests="1" failures="0" timestamp="2022-05-20T07:49:54 IST" time="12.521" errors="0">
  <testcase name="extentReportsDemo" time="12.521" classname="exdentreport.ExtentDemo"/>
  <system-out/>
</testsuite> <!-- exdentreport.ExtentDemo -->
