<?xml version="1.0" encoding="UTF-8"?>
<!-- Generated by org.testng.reporters.JUnitReportReporter -->
<testsuite skipped="0" hostname="DESKTOP-LLLGMOJ" name="autoITExamples.FileUploadUsingAutoIT" tests="1" failures="0" timestamp="2022-05-23T20:49:41 IST" time="7.673" errors="0">
  <testcase name="testCase" time="7.673" classname="autoITExamples.FileUploadUsingAutoIT"/>
  <system-out/>
</testsuite> <!-- autoITExamples.FileUploadUsingAutoIT -->
