<?xml version="1.0" encoding="UTF-8"?>
<!-- Generated by org.testng.reporters.JUnitReportReporter -->
<testsuite skipped="0" hostname="DESKTOP-LLLGMOJ" name="day11.testngsamples.Example_Param2" tests="3" failures="0" timestamp="2022-05-19T07:30:24 IST" time="0.007" errors="0">
  <testcase name="login" time="0.001" classname="day11.testngsamples.Example_Param2"/>
  <system-out/>
  <testcase name="sendEmail" time="0.003" classname="day11.testngsamples.Example_Param2"/>
  <system-out/>
  <testcase name="logout" time="0.003" classname="day11.testngsamples.Example_Param2"/>
  <system-out/>
</testsuite> <!-- day11.testngsamples.Example_Param2 -->
