<?xml version="1.0" encoding="UTF-8"?>
<!-- Generated by org.testng.reporters.JUnitReportReporter -->
<testsuite skipped="0" hostname="DESKTOP-LLLGMOJ" name="day11.testngsamples.Example_Param1" tests="5" failures="0" timestamp="2022-05-19T07:30:24 IST" time="0.045" errors="0">
  <testcase name="param1" time="0.002" classname="day11.testngsamples.Example_Param1"/>
  <system-out/>
  <testcase name="param1" time="0.018" classname="day11.testngsamples.Example_Param1"/>
  <system-out/>
  <testcase name="param1" time="0.021" classname="day11.testngsamples.Example_Param1"/>
  <system-out/>
  <testcase name="param1" time="0.001" classname="day11.testngsamples.Example_Param1"/>
  <system-out/>
  <testcase name="param1" time="0.003" classname="day11.testngsamples.Example_Param1"/>
  <system-out/>
</testsuite> <!-- day11.testngsamples.Example_Param1 -->
