<?xml version="1.0" encoding="UTF-8"?>
<!-- Generated by org.testng.reporters.JUnitReportReporter -->
<testsuite skipped="0" hostname="DESKTOP-LLLGMOJ" name="day26.javascriptsamples.JavaScriptExampleScroll" tests="1" failures="0" timestamp="2022-05-24T07:43:40 IST" time="43.381" errors="0">
  <testcase name="testLoginWithoutClick" time="43.381" classname="day26.javascriptsamples.JavaScriptExampleScroll"/>
  <system-out/>
</testsuite> <!-- day26.javascriptsamples.JavaScriptExampleScroll -->
