<?xml version="1.0" encoding="UTF-8"?>
<!-- Generated by org.testng.reporters.JUnitReportReporter -->
<testsuite skipped="0" hostname="DESKTOP-LLLGMOJ" name="day23.testcases.ActitimeLoginLogout" tests="2" failures="0" timestamp="2022-05-09T08:43:51 IST" time="6.021" errors="0">
  <testcase name="testLogoutFunctionality" time="1.436" classname="day23.testcases.ActitimeLoginLogout"/>
  <system-out/>
  <testcase name="testLoginFunctionality" time="4.585" classname="day23.testcases.ActitimeLoginLogout"/>
  <system-out/>
</testsuite> <!-- day23.testcases.ActitimeLoginLogout -->
