<?xml version="1.0" encoding="UTF-8"?>
<!-- Generated by org.testng.reporters.JUnitReportReporter -->
<testsuite skipped="0" hostname="DESKTOP-LLLGMOJ" name="day11.testngsamples.Example4" tests="1" failures="0" timestamp="2022-05-19T07:30:24 IST" time="0.001" errors="0">
  <testcase name="testCase4" time="0.001" classname="day11.testngsamples.Example4"/>
  <system-out/>
</testsuite> <!-- day11.testngsamples.Example4 -->
