<?xml version="1.0" encoding="UTF-8"?>
<!-- Generated by org.testng.reporters.JUnitReportReporter -->
<testsuite skipped="0" hostname="DESKTOP-LLLGMOJ" name="day22.testngadvxml.GroupExamples" tests="3" failures="0" timestamp="2022-05-19T07:37:24 IST" time="0.016" errors="0">
  <testcase name="testCaseTwo" time="0.003" classname="day22.testngadvxml.GroupExamples"/>
  <system-out/>
  <testcase name="testCaseOne" time="0.003" classname="day22.testngadvxml.GroupExamples"/>
  <system-out/>
  <testcase name="testCaseFour" time="0.010" classname="day22.testngadvxml.GroupExamples"/>
  <system-out/>
</testsuite> <!-- day22.testngadvxml.GroupExamples -->
