<?xml version="1.0" encoding="UTF-8"?>
<!-- Generated by org.testng.reporters.JUnitReportReporter -->
<testsuite skipped="0" hostname="DESKTOP-LLLGMOJ" name="day11.testngsamples.Example_Param6" tests="3" failures="0" timestamp="2022-05-19T07:30:24 IST" time="0.606" errors="0">
  <testcase name="signIn" time="0.003" classname="day11.testngsamples.Example_Param6"/>
  <system-out/>
  <testcase name="login" time="0.003" classname="day11.testngsamples.Example_Param6"/>
  <system-out/>
  <testcase name="checkNotification" time="0.600" classname="day11.testngsamples.Example_Param6"/>
  <system-out/>
</testsuite> <!-- day11.testngsamples.Example_Param6 -->
