<?xml version="1.0" encoding="UTF-8"?>
<!-- Generated by org.testng.reporters.JUnitReportReporter -->
<testsuite skipped="0" hostname="DESKTOP-LLLGMOJ" name="day11.testngsamples.Example_Annotations2" tests="3" failures="0" timestamp="2022-05-19T07:30:24 IST" time="0.010" errors="0">
  <testcase name="verifyLogin" time="0.003" classname="day11.testngsamples.Example_Annotations2"/>
  <system-out/>
  <testcase name="createTask" time="0.003" classname="day11.testngsamples.Example_Annotations2"/>
  <system-out/>
  <testcase name="deleteTask" time="0.004" classname="day11.testngsamples.Example_Annotations2"/>
  <system-out/>
</testsuite> <!-- day11.testngsamples.Example_Annotations2 -->
