<?xml version="1.0" encoding="UTF-8"?>
<!-- Generated by org.testng.reporters.JUnitReportReporter -->
<testsuite skipped="0" hostname="DESKTOP-LLLGMOJ" name="autoITExamples.FileUpload2" tests="1" failures="0" timestamp="2022-05-23T20:36:52 IST" time="11.856" errors="0">
  <testcase name="testCase" time="11.856" classname="autoITExamples.FileUpload2"/>
  <system-out/>
</testsuite> <!-- autoITExamples.FileUpload2 -->
