<?xml version="1.0" encoding="UTF-8"?>
<!-- Generated by org.testng.reporters.JUnitReportReporter -->
<testsuite skipped="0" hostname="DESKTOP-LLLGMOJ" name="day22.testngadvxml.Parameterization" tests="4" failures="0" timestamp="2022-05-19T07:43:43 IST" time="63.881" errors="0">
  <testcase name="testCaseOne" time="0.010" classname="day22.testngadvxml.Parameterization"/>
  <system-out/>
  <testcase name="testCaseTwo" time="0.001" classname="day22.testngadvxml.Parameterization"/>
  <system-out/>
  <testcase name="testCaseThree" time="0.003" classname="day22.testngadvxml.Parameterization"/>
  <system-out/>
  <testcase name="testLoginOfVtiger" time="63.867" classname="day22.testngadvxml.Parameterization"/>
  <system-out/>
</testsuite> <!-- day22.testngadvxml.Parameterization -->
