<?xml version="1.0" encoding="UTF-8"?>
<!-- Generated by org.testng.reporters.JUnitReportReporter -->
<testsuite skipped="0" hostname="DESKTOP-LLLGMOJ" name="day24.webpagescripts.TestVtigerLogin" tests="1" failures="0" timestamp="2022-05-10T08:56:44 IST" time="18.220" errors="0">
  <testcase name="testLogin" time="18.220" classname="day24.webpagescripts.TestVtigerLogin"/>
  <system-out/>
</testsuite> <!-- day24.webpagescripts.TestVtigerLogin -->
