<?xml version="1.0" encoding="UTF-8"?>
<!-- Generated by org.testng.reporters.JUnitReportReporter -->
<testsuite skipped="0" hostname="DESKTOP-LLLGMOJ" name="day11.testngsamples.Example_Annotations1" tests="2" failures="0" timestamp="2022-05-19T07:30:24 IST" time="0.009" errors="0">
  <testcase name="verifyLogin" time="0.004" classname="day11.testngsamples.Example_Annotations1"/>
  <system-out/>
  <testcase name="createTask" time="0.005" classname="day11.testngsamples.Example_Annotations1"/>
  <system-out/>
</testsuite> <!-- day11.testngsamples.Example_Annotations1 -->
