<?xml version="1.0" encoding="UTF-8"?>
<!-- Generated by org.testng.reporters.JUnitReportReporter -->
<testsuite skipped="0" hostname="DESKTOP-LLLGMOJ" name="testngsamples.ParallelExecutionOfMethods" tests="2" failures="0" timestamp="2022-05-09T20:55:32 IST" time="0.018" errors="0">
  <testcase name="testCaseTwo" time="0.009" classname="testngsamples.ParallelExecutionOfMethods"/>
  <system-out/>
  <testcase name="testCaseOne" time="0.009" classname="testngsamples.ParallelExecutionOfMethods"/>
  <system-out/>
</testsuite> <!-- testngsamples.ParallelExecutionOfMethods -->
