<?xml version="1.0" encoding="UTF-8"?>
<!-- Generated by org.testng.reporters.JUnitReportReporter -->
<testsuite skipped="0" hostname="DESKTOP-LLLGMOJ" name="day22.testngadvxml.DataProviderExample" tests="3" failures="0" timestamp="2022-05-19T07:54:54 IST" time="159.020" errors="0">
  <testcase name="testLoginOfVtiger" time="53.697" classname="day22.testngadvxml.DataProviderExample"/>
  <system-out/>
  <testcase name="testLoginOfVtiger" time="85.586" classname="day22.testngadvxml.DataProviderExample"/>
  <system-out/>
  <testcase name="testLoginOfVtiger" time="19.737" classname="day22.testngadvxml.DataProviderExample"/>
  <system-out/>
</testsuite> <!-- day22.testngadvxml.DataProviderExample -->
