<?xml version="1.0" encoding="UTF-8"?>
<!-- Generated by org.testng.reporters.JUnitReportReporter -->
<testsuite skipped="0" hostname="DESKTOP-LLLGMOJ" name="ddt.ExcelUpdate" tests="1" failures="0" timestamp="2022-05-19T07:17:30 IST" time="35.745" errors="0">
  <testcase name="loginIntoActitme" time="35.745" classname="ddt.ExcelUpdate"/>
  <system-out/>
</testsuite> <!-- ddt.ExcelUpdate -->
