<?xml version="1.0" encoding="UTF-8"?>
<!-- Generated by org.testng.reporters.JUnitReportReporter -->
<testsuite skipped="2" hostname="DESKTOP-LLLGMOJ" name="day11.testngsamples.Example_Param3" tests="3" failures="0" timestamp="2022-04-29T21:03:18 IST" time="0.009" errors="0">
  <testcase name="param1" time="0.009" classname="day11.testngsamples.Example_Param3"/>
  <system-out/>
  <testcase name="param2" classname="day11.testngsamples.Example_Param3">
    <skipped/>
  </testcase> <!-- param2 -->
  <system-out/>
  <testcase name="param3" classname="day11.testngsamples.Example_Param3">
    <skipped/>
  </testcase> <!-- param3 -->
  <system-out/>
</testsuite> <!-- day11.testngsamples.Example_Param3 -->
