<?xml version="1.0" encoding="UTF-8"?>
<!-- Generated by org.testng.reporters.JUnitReportReporter -->
<testsuite skipped="0" hostname="DESKTOP-LLLGMOJ" name="day11.testngsamples.Example_Param5" tests="3" failures="0" timestamp="2022-04-29T21:08:46 IST" time="0.013" errors="0">
  <testcase name="login" time="0.001" classname="day11.testngsamples.Example_Param5"/>
  <system-out/>
  <testcase name="checkNotification" time="0.002" classname="day11.testngsamples.Example_Param5"/>
  <system-out/>
  <testcase name="signIn" time="0.010" classname="day11.testngsamples.Example_Param5"/>
  <system-out/>
</testsuite> <!-- day11.testngsamples.Example_Param5 -->
