<?xml version="1.0" encoding="UTF-8"?>
<!-- Generated by org.testng.reporters.JUnitReportReporter -->
<testsuite skipped="0" hostname="DESKTOP-LLLGMOJ" name="day11.testngsamples.Example2" tests="1" failures="0" timestamp="2022-04-29T20:29:37 IST" time="0.017" errors="0">
  <testcase name="testCase2" time="0.017" classname="day11.testngsamples.Example2"/>
  <system-out/>
</testsuite> <!-- day11.testngsamples.Example2 -->
