<?xml version="1.0" encoding="UTF-8"?>
<!-- Generated by org.testng.reporters.JUnitReportReporter -->
<testsuite skipped="0" hostname="DESKTOP-LLLGMOJ" name="day11.testngsamples.Sample1" tests="1" failures="0" timestamp="2022-04-29T20:27:46 IST" time="0.010" errors="0">
  <testcase name="smokeTC1" time="0.010" classname="day11.testngsamples.Sample1"/>
  <system-out/>
</testsuite> <!-- day11.testngsamples.Sample1 -->
