<?xml version="1.0" encoding="UTF-8"?>
<!-- Generated by org.testng.reporters.JUnitReportReporter -->
<testsuite skipped="0" hostname="DESKTOP-LLLGMOJ" name="day11.testngsamples.Sample2" tests="1" failures="0" timestamp="2022-04-29T20:31:29 IST" time="0.009" errors="0">
  <testcase name="regressionTC1" time="0.009" classname="day11.testngsamples.Sample2"/>
  <system-out/>
</testsuite> <!-- day11.testngsamples.Sample2 -->
