<?xml version="1.0" encoding="UTF-8"?>
<!-- Generated by org.testng.reporters.JUnitReportReporter -->
<testsuite skipped="0" hostname="DESKTOP-LLLGMOJ" name="runner.TestRunner" tests="4" failures="0" timestamp="2022-05-26T08:00:14 IST" time="58.878" errors="0">
  <testcase name="runScenario" time="13.541" classname="runner.TestRunner"/>
  <system-out/>
  <testcase name="runScenario" time="13.006" classname="runner.TestRunner"/>
  <system-out/>
  <testcase name="runScenario" time="17.176" classname="runner.TestRunner"/>
  <system-out/>
  <testcase name="runScenario" time="15.155" classname="runner.TestRunner"/>
  <system-out/>
</testsuite> <!-- runner.TestRunner -->
